<?xml version="1.0" encoding="UTF-8"?>
<robot generator="Robot 6.1.1 (Python 3.11.1 on win32)" generated="20240126 15:21:05.143" rpa="false" schemaversion="4">
<suite id="s1" name="Jio Mart Test Result" source="C:\Users\great\Desktop\Learn\RobotFrameWork Learning\JioMart\Tests\JioMart.robot">
<test id="s1-t1" name="SEARCH FOR PRODUCT" line="10">
<kw name="Begin Web Test" library="Common" type="SETUP">
<kw name="Open Browser" library="SeleniumLibrary">
<arg>about:blank</arg>
<arg>edge</arg>
<doc>Opens a new browser instance to the optional ``url``.</doc>
<msg timestamp="20240126 15:21:05.457" level="INFO">Opening browser 'edge' to base url 'about:blank'.</msg>
<status status="PASS" starttime="20240126 15:21:05.456" endtime="20240126 15:21:07.073"/>
</kw>
<kw name="Maximize Browser Window" library="SeleniumLibrary">
<doc>Maximizes current browser window.</doc>
<status status="PASS" starttime="20240126 15:21:07.074" endtime="20240126 15:21:07.209"/>
</kw>
<status status="PASS" starttime="20240126 15:21:05.456" endtime="20240126 15:21:07.209"/>
</kw>
<kw name="Search And CLick On Product" library="JioMartApp">
<kw name="Go To" library="SeleniumLibrary">
<arg>${JIOMART_URL}</arg>
<doc>Navigates the current browser window to the provided ``url``.</doc>
<msg timestamp="20240126 15:21:07.210" level="INFO">Opening url 'https://www.jiomart.com/'</msg>
<status status="PASS" starttime="20240126 15:21:07.210" endtime="20240126 15:21:13.858"/>
</kw>
<kw name="Wait Until Page Contains Element" library="SeleniumLibrary">
<arg>${SEARCH_FIELD}</arg>
<doc>Waits until the element ``locator`` appears on the current page.</doc>
<status status="PASS" starttime="20240126 15:21:13.858" endtime="20240126 15:21:13.887"/>
</kw>
<kw name="Input Text" library="SeleniumLibrary">
<arg>${SEARCH_FIELD}</arg>
<arg>${KEYWORD_TO_SEARCH}</arg>
<doc>Types the given ``text`` into the text field identified by ``locator``.</doc>
<msg timestamp="20240126 15:21:13.888" level="INFO">Typing text 's23 ultra' into text field '//*[@id="autocomplete-0-input"]'.</msg>
<status status="PASS" starttime="20240126 15:21:13.888" endtime="20240126 15:21:14.178"/>
</kw>
<kw name="Press Keys" library="SeleniumLibrary">
<arg>${SEARCH_FIELD}</arg>
<arg>RETURN</arg>
<doc>Simulates the user pressing key(s) to an element or on the active browser.</doc>
<msg timestamp="20240126 15:21:14.181" level="INFO">Sending key(s) ('RETURN',) to //*[@id="autocomplete-0-input"] element.</msg>
<msg timestamp="20240126 15:21:14.608" level="INFO">Pressing special key RETURN to element.</msg>
<msg timestamp="20240126 15:21:14.608" level="INFO">Releasing special key RETURN.</msg>
<status status="PASS" starttime="20240126 15:21:14.179" endtime="20240126 15:21:15.856"/>
</kw>
<kw name="Wait Until Page Contains Element" library="SeleniumLibrary">
<arg>${SEARCH_RESULTS}</arg>
<doc>Waits until the element ``locator`` appears on the current page.</doc>
<status status="PASS" starttime="20240126 15:21:15.856" endtime="20240126 15:21:16.234"/>
</kw>
<kw name="Click Element" library="SeleniumLibrary">
<arg>${PRODUCT_TO_CLICK}</arg>
<doc>Click the element identified by ``locator``.</doc>
<msg timestamp="20240126 15:21:16.236" level="INFO">Clicking element '//*[@id="598095291"]/div[2]/div[2]/div/div[1]'.</msg>
<status status="PASS" starttime="20240126 15:21:16.235" endtime="20240126 15:21:25.458"/>
</kw>
<status status="PASS" starttime="20240126 15:21:07.210" endtime="20240126 15:21:25.458"/>
</kw>
<kw name="End Web Test" library="Common" type="TEARDOWN">
<kw name="Close Browser" library="SeleniumLibrary">
<doc>Closes the current browser.</doc>
<status status="PASS" starttime="20240126 15:21:25.460" endtime="20240126 15:21:27.868"/>
</kw>
<status status="PASS" starttime="20240126 15:21:25.460" endtime="20240126 15:21:27.868"/>
</kw>
<tag>FUNCTIONAL TEST</tag>
<status status="PASS" starttime="20240126 15:21:05.455" endtime="20240126 15:21:27.869"/>
</test>
<test id="s1-t2" name="USER CAN ADD TO CART" line="14">
<kw name="Begin Web Test" library="Common" type="SETUP">
<kw name="Open Browser" library="SeleniumLibrary">
<arg>about:blank</arg>
<arg>edge</arg>
<doc>Opens a new browser instance to the optional ``url``.</doc>
<msg timestamp="20240126 15:21:27.874" level="INFO">Opening browser 'edge' to base url 'about:blank'.</msg>
<status status="PASS" starttime="20240126 15:21:27.873" endtime="20240126 15:21:29.632"/>
</kw>
<kw name="Maximize Browser Window" library="SeleniumLibrary">
<doc>Maximizes current browser window.</doc>
<status status="PASS" starttime="20240126 15:21:29.632" endtime="20240126 15:21:29.762"/>
</kw>
<status status="PASS" starttime="20240126 15:21:27.873" endtime="20240126 15:21:29.762"/>
</kw>
<kw name="Add To Cart" library="JioMartApp">
<kw name="Search And CLick On Product" library="JioMartApp">
<kw name="Go To" library="SeleniumLibrary">
<arg>${JIOMART_URL}</arg>
<doc>Navigates the current browser window to the provided ``url``.</doc>
<msg timestamp="20240126 15:21:29.763" level="INFO">Opening url 'https://www.jiomart.com/'</msg>
<status status="PASS" starttime="20240126 15:21:29.763" endtime="20240126 15:21:35.939"/>
</kw>
<kw name="Wait Until Page Contains Element" library="SeleniumLibrary">
<arg>${SEARCH_FIELD}</arg>
<doc>Waits until the element ``locator`` appears on the current page.</doc>
<status status="PASS" starttime="20240126 15:21:35.939" endtime="20240126 15:21:35.967"/>
</kw>
<kw name="Input Text" library="SeleniumLibrary">
<arg>${SEARCH_FIELD}</arg>
<arg>${KEYWORD_TO_SEARCH}</arg>
<doc>Types the given ``text`` into the text field identified by ``locator``.</doc>
<msg timestamp="20240126 15:21:35.968" level="INFO">Typing text 's23 ultra' into text field '//*[@id="autocomplete-0-input"]'.</msg>
<status status="PASS" starttime="20240126 15:21:35.967" endtime="20240126 15:21:36.257"/>
</kw>
<kw name="Press Keys" library="SeleniumLibrary">
<arg>${SEARCH_FIELD}</arg>
<arg>RETURN</arg>
<doc>Simulates the user pressing key(s) to an element or on the active browser.</doc>
<msg timestamp="20240126 15:21:36.259" level="INFO">Sending key(s) ('RETURN',) to //*[@id="autocomplete-0-input"] element.</msg>
<msg timestamp="20240126 15:21:36.650" level="INFO">Pressing special key RETURN to element.</msg>
<msg timestamp="20240126 15:21:36.650" level="INFO">Releasing special key RETURN.</msg>
<status status="PASS" starttime="20240126 15:21:36.258" endtime="20240126 15:21:38.627"/>
</kw>
<kw name="Wait Until Page Contains Element" library="SeleniumLibrary">
<arg>${SEARCH_RESULTS}</arg>
<doc>Waits until the element ``locator`` appears on the current page.</doc>
<status status="PASS" starttime="20240126 15:21:38.627" endtime="20240126 15:21:38.673"/>
</kw>
<kw name="Click Element" library="SeleniumLibrary">
<arg>${PRODUCT_TO_CLICK}</arg>
<doc>Click the element identified by ``locator``.</doc>
<msg timestamp="20240126 15:21:38.674" level="INFO">Clicking element '//*[@id="598095291"]/div[2]/div[2]/div/div[1]'.</msg>
<status status="PASS" starttime="20240126 15:21:38.673" endtime="20240126 15:22:05.162"/>
</kw>
<status status="PASS" starttime="20240126 15:21:29.763" endtime="20240126 15:22:05.162"/>
</kw>
<kw name="Wait Until Page Contains" library="SeleniumLibrary">
<arg>Samsung Galaxy S23</arg>
<doc>Waits until ``text`` appears on the current page.</doc>
<status status="PASS" starttime="20240126 15:22:05.162" endtime="20240126 15:22:05.229"/>
</kw>
<kw name="Execute Javascript" library="SeleniumLibrary">
<arg>window.scrollBy(0,200)</arg>
<doc>Executes the given JavaScript code with possible arguments.</doc>
<msg timestamp="20240126 15:22:05.231" level="INFO">Executing JavaScript:
window.scrollBy(0,200)
Without any arguments.</msg>
<status status="PASS" starttime="20240126 15:22:05.229" endtime="20240126 15:22:05.257"/>
</kw>
<kw name="Click Element" library="SeleniumLibrary">
<arg>${ADD_TO_CART}</arg>
<doc>Click the element identified by ``locator``.</doc>
<msg timestamp="20240126 15:22:05.258" level="INFO">Clicking element 'css:.jm-btn.secondary.medium.center.full-width.jm-fw-bold.addtocartbtn'.</msg>
<status status="PASS" starttime="20240126 15:22:05.257" endtime="20240126 15:22:06.157"/>
</kw>
<kw name="Sleep" library="BuiltIn">
<arg>1s</arg>
<doc>Pauses the test executed for the given time.</doc>
<msg timestamp="20240126 15:22:07.158" level="INFO">Slept 1 second</msg>
<status status="PASS" starttime="20240126 15:22:06.158" endtime="20240126 15:22:07.158"/>
</kw>
<kw name="Click Element" library="SeleniumLibrary">
<arg>${CART_BUTTON}</arg>
<doc>Click the element identified by ``locator``.</doc>
<msg timestamp="20240126 15:22:07.159" level="INFO">Clicking element '//*[@id="btn_minicart"]'.</msg>
<status status="PASS" starttime="20240126 15:22:07.158" endtime="20240126 15:22:09.238"/>
</kw>
<kw name="Wait Until Page Contains" library="SeleniumLibrary">
<arg>Electronics Basket</arg>
<doc>Waits until ``text`` appears on the current page.</doc>
<status status="PASS" starttime="20240126 15:22:09.238" endtime="20240126 15:22:11.557"/>
</kw>
<status status="PASS" starttime="20240126 15:21:29.762" endtime="20240126 15:22:11.557"/>
</kw>
<kw name="End Web Test" library="Common" type="TEARDOWN">
<kw name="Close Browser" library="SeleniumLibrary">
<doc>Closes the current browser.</doc>
<status status="PASS" starttime="20240126 15:22:11.559" endtime="20240126 15:22:14.003"/>
</kw>
<status status="PASS" starttime="20240126 15:22:11.558" endtime="20240126 15:22:14.003"/>
</kw>
<tag>FUNCTIONAL TEST</tag>
<status status="PASS" starttime="20240126 15:21:27.872" endtime="20240126 15:22:14.004"/>
</test>
<test id="s1-t3" name="PLACE ORDER THEN SIGN IN PAGE" line="18">
<kw name="Begin Web Test" library="Common" type="SETUP">
<kw name="Open Browser" library="SeleniumLibrary">
<arg>about:blank</arg>
<arg>edge</arg>
<doc>Opens a new browser instance to the optional ``url``.</doc>
<msg timestamp="20240126 15:22:14.008" level="INFO">Opening browser 'edge' to base url 'about:blank'.</msg>
<status status="PASS" starttime="20240126 15:22:14.007" endtime="20240126 15:22:16.009"/>
</kw>
<kw name="Maximize Browser Window" library="SeleniumLibrary">
<doc>Maximizes current browser window.</doc>
<status status="PASS" starttime="20240126 15:22:16.009" endtime="20240126 15:22:16.130"/>
</kw>
<status status="PASS" starttime="20240126 15:22:14.007" endtime="20240126 15:22:16.130"/>
</kw>
<kw name="Place Order" library="JioMartApp">
<kw name="Add To Cart" library="JioMartApp">
<kw name="Search And CLick On Product" library="JioMartApp">
<kw name="Go To" library="SeleniumLibrary">
<arg>${JIOMART_URL}</arg>
<doc>Navigates the current browser window to the provided ``url``.</doc>
<msg timestamp="20240126 15:22:16.131" level="INFO">Opening url 'https://www.jiomart.com/'</msg>
<status status="PASS" starttime="20240126 15:22:16.131" endtime="20240126 15:22:22.369"/>
</kw>
<kw name="Wait Until Page Contains Element" library="SeleniumLibrary">
<arg>${SEARCH_FIELD}</arg>
<doc>Waits until the element ``locator`` appears on the current page.</doc>
<status status="PASS" starttime="20240126 15:22:22.369" endtime="20240126 15:22:22.513"/>
</kw>
<kw name="Input Text" library="SeleniumLibrary">
<arg>${SEARCH_FIELD}</arg>
<arg>${KEYWORD_TO_SEARCH}</arg>
<doc>Types the given ``text`` into the text field identified by ``locator``.</doc>
<msg timestamp="20240126 15:22:22.514" level="INFO">Typing text 's23 ultra' into text field '//*[@id="autocomplete-0-input"]'.</msg>
<status status="PASS" starttime="20240126 15:22:22.513" endtime="20240126 15:22:22.794"/>
</kw>
<kw name="Press Keys" library="SeleniumLibrary">
<arg>${SEARCH_FIELD}</arg>
<arg>RETURN</arg>
<doc>Simulates the user pressing key(s) to an element or on the active browser.</doc>
<msg timestamp="20240126 15:22:22.795" level="INFO">Sending key(s) ('RETURN',) to //*[@id="autocomplete-0-input"] element.</msg>
<msg timestamp="20240126 15:22:23.209" level="INFO">Pressing special key RETURN to element.</msg>
<msg timestamp="20240126 15:22:23.209" level="INFO">Releasing special key RETURN.</msg>
<status status="PASS" starttime="20240126 15:22:22.794" endtime="20240126 15:22:25.194"/>
</kw>
<kw name="Wait Until Page Contains Element" library="SeleniumLibrary">
<arg>${SEARCH_RESULTS}</arg>
<doc>Waits until the element ``locator`` appears on the current page.</doc>
<status status="PASS" starttime="20240126 15:22:25.194" endtime="20240126 15:22:25.222"/>
</kw>
<kw name="Click Element" library="SeleniumLibrary">
<arg>${PRODUCT_TO_CLICK}</arg>
<doc>Click the element identified by ``locator``.</doc>
<msg timestamp="20240126 15:22:25.224" level="INFO">Clicking element '//*[@id="598095291"]/div[2]/div[2]/div/div[1]'.</msg>
<status status="PASS" starttime="20240126 15:22:25.223" endtime="20240126 15:22:32.684"/>
</kw>
<status status="PASS" starttime="20240126 15:22:16.131" endtime="20240126 15:22:32.685"/>
</kw>
<kw name="Wait Until Page Contains" library="SeleniumLibrary">
<arg>Samsung Galaxy S23</arg>
<doc>Waits until ``text`` appears on the current page.</doc>
<status status="PASS" starttime="20240126 15:22:32.685" endtime="20240126 15:22:32.775"/>
</kw>
<kw name="Execute Javascript" library="SeleniumLibrary">
<arg>window.scrollBy(0,200)</arg>
<doc>Executes the given JavaScript code with possible arguments.</doc>
<msg timestamp="20240126 15:22:32.777" level="INFO">Executing JavaScript:
window.scrollBy(0,200)
Without any arguments.</msg>
<status status="PASS" starttime="20240126 15:22:32.775" endtime="20240126 15:22:32.789"/>
</kw>
<kw name="Click Element" library="SeleniumLibrary">
<arg>${ADD_TO_CART}</arg>
<doc>Click the element identified by ``locator``.</doc>
<msg timestamp="20240126 15:22:32.790" level="INFO">Clicking element 'css:.jm-btn.secondary.medium.center.full-width.jm-fw-bold.addtocartbtn'.</msg>
<status status="PASS" starttime="20240126 15:22:32.789" endtime="20240126 15:22:33.600"/>
</kw>
<kw name="Sleep" library="BuiltIn">
<arg>1s</arg>
<doc>Pauses the test executed for the given time.</doc>
<msg timestamp="20240126 15:22:34.602" level="INFO">Slept 1 second</msg>
<status status="PASS" starttime="20240126 15:22:33.600" endtime="20240126 15:22:34.602"/>
</kw>
<kw name="Click Element" library="SeleniumLibrary">
<arg>${CART_BUTTON}</arg>
<doc>Click the element identified by ``locator``.</doc>
<msg timestamp="20240126 15:22:34.603" level="INFO">Clicking element '//*[@id="btn_minicart"]'.</msg>
<status status="PASS" starttime="20240126 15:22:34.602" endtime="20240126 15:22:36.377"/>
</kw>
<kw name="Wait Until Page Contains" library="SeleniumLibrary">
<arg>Electronics Basket</arg>
<doc>Waits until ``text`` appears on the current page.</doc>
<status status="PASS" starttime="20240126 15:22:36.378" endtime="20240126 15:22:39.236"/>
</kw>
<status status="PASS" starttime="20240126 15:22:16.130" endtime="20240126 15:22:39.236"/>
</kw>
<kw name="Click Button" library="SeleniumLibrary">
<arg>${PLACE_ORDER_BUTTON}</arg>
<doc>Clicks the button identified by ``locator``.</doc>
<msg timestamp="20240126 15:22:39.238" level="INFO">Clicking button '//*[@id="login-container"]/jds-container[4]/section/div/jds-button/button'.</msg>
<status status="PASS" starttime="20240126 15:22:39.237" endtime="20240126 15:22:39.470"/>
</kw>
<kw name="Wait Until Page Contains" library="SeleniumLibrary">
<arg>Sign in to JioMart</arg>
<doc>Waits until ``text`` appears on the current page.</doc>
<status status="PASS" starttime="20240126 15:22:39.470" endtime="20240126 15:22:39.733"/>
</kw>
<kw name="Execute Javascript" library="SeleniumLibrary">
<arg>history.back()</arg>
<doc>Executes the given JavaScript code with possible arguments.</doc>
<msg timestamp="20240126 15:22:39.734" level="INFO">Executing JavaScript:
history.back()
Without any arguments.</msg>
<status status="PASS" starttime="20240126 15:22:39.733" endtime="20240126 15:22:39.918"/>
</kw>
<status status="PASS" starttime="20240126 15:22:16.130" endtime="20240126 15:22:39.918"/>
</kw>
<kw name="End Web Test" library="Common" type="TEARDOWN">
<kw name="Close Browser" library="SeleniumLibrary">
<doc>Closes the current browser.</doc>
<status status="PASS" starttime="20240126 15:22:39.921" endtime="20240126 15:22:42.348"/>
</kw>
<status status="PASS" starttime="20240126 15:22:39.920" endtime="20240126 15:22:42.348"/>
</kw>
<tag>FUNCTIONAL TEST</tag>
<status status="PASS" starttime="20240126 15:22:14.006" endtime="20240126 15:22:42.349"/>
</test>
<test id="s1-t4" name="USER CAN REMOVE ITEM FROM CART" line="22">
<kw name="Begin Web Test" library="Common" type="SETUP">
<kw name="Open Browser" library="SeleniumLibrary">
<arg>about:blank</arg>
<arg>edge</arg>
<doc>Opens a new browser instance to the optional ``url``.</doc>
<msg timestamp="20240126 15:22:42.353" level="INFO">Opening browser 'edge' to base url 'about:blank'.</msg>
<status status="PASS" starttime="20240126 15:22:42.352" endtime="20240126 15:22:44.123"/>
</kw>
<kw name="Maximize Browser Window" library="SeleniumLibrary">
<doc>Maximizes current browser window.</doc>
<status status="PASS" starttime="20240126 15:22:44.124" endtime="20240126 15:22:44.251"/>
</kw>
<status status="PASS" starttime="20240126 15:22:42.352" endtime="20240126 15:22:44.251"/>
</kw>
<kw name="Remove From Cart" library="JioMartApp">
<kw name="Place Order" library="JioMartApp">
<kw name="Add To Cart" library="JioMartApp">
<kw name="Search And CLick On Product" library="JioMartApp">
<kw name="Go To" library="SeleniumLibrary">
<arg>${JIOMART_URL}</arg>
<doc>Navigates the current browser window to the provided ``url``.</doc>
<msg timestamp="20240126 15:22:44.253" level="INFO">Opening url 'https://www.jiomart.com/'</msg>
<status status="PASS" starttime="20240126 15:22:44.253" endtime="20240126 15:22:50.885"/>
</kw>
<kw name="Wait Until Page Contains Element" library="SeleniumLibrary">
<arg>${SEARCH_FIELD}</arg>
<doc>Waits until the element ``locator`` appears on the current page.</doc>
<status status="PASS" starttime="20240126 15:22:50.885" endtime="20240126 15:22:50.908"/>
</kw>
<kw name="Input Text" library="SeleniumLibrary">
<arg>${SEARCH_FIELD}</arg>
<arg>${KEYWORD_TO_SEARCH}</arg>
<doc>Types the given ``text`` into the text field identified by ``locator``.</doc>
<msg timestamp="20240126 15:22:50.909" level="INFO">Typing text 's23 ultra' into text field '//*[@id="autocomplete-0-input"]'.</msg>
<status status="PASS" starttime="20240126 15:22:50.909" endtime="20240126 15:22:51.185"/>
</kw>
<kw name="Press Keys" library="SeleniumLibrary">
<arg>${SEARCH_FIELD}</arg>
<arg>RETURN</arg>
<doc>Simulates the user pressing key(s) to an element or on the active browser.</doc>
<msg timestamp="20240126 15:22:51.186" level="INFO">Sending key(s) ('RETURN',) to //*[@id="autocomplete-0-input"] element.</msg>
<msg timestamp="20240126 15:22:51.608" level="INFO">Pressing special key RETURN to element.</msg>
<msg timestamp="20240126 15:22:51.609" level="INFO">Releasing special key RETURN.</msg>
<status status="PASS" starttime="20240126 15:22:51.185" endtime="20240126 15:22:53.640"/>
</kw>
<kw name="Wait Until Page Contains Element" library="SeleniumLibrary">
<arg>${SEARCH_RESULTS}</arg>
<doc>Waits until the element ``locator`` appears on the current page.</doc>
<status status="PASS" starttime="20240126 15:22:53.640" endtime="20240126 15:22:54.273"/>
</kw>
<kw name="Click Element" library="SeleniumLibrary">
<arg>${PRODUCT_TO_CLICK}</arg>
<doc>Click the element identified by ``locator``.</doc>
<msg timestamp="20240126 15:22:54.274" level="INFO">Clicking element '//*[@id="598095291"]/div[2]/div[2]/div/div[1]'.</msg>
<status status="PASS" starttime="20240126 15:22:54.273" endtime="20240126 15:23:02.132"/>
</kw>
<status status="PASS" starttime="20240126 15:22:44.253" endtime="20240126 15:23:02.132"/>
</kw>
<kw name="Wait Until Page Contains" library="SeleniumLibrary">
<arg>Samsung Galaxy S23</arg>
<doc>Waits until ``text`` appears on the current page.</doc>
<status status="PASS" starttime="20240126 15:23:02.133" endtime="20240126 15:23:02.283"/>
</kw>
<kw name="Execute Javascript" library="SeleniumLibrary">
<arg>window.scrollBy(0,200)</arg>
<doc>Executes the given JavaScript code with possible arguments.</doc>
<msg timestamp="20240126 15:23:02.284" level="INFO">Executing JavaScript:
window.scrollBy(0,200)
Without any arguments.</msg>
<status status="PASS" starttime="20240126 15:23:02.283" endtime="20240126 15:23:02.296"/>
</kw>
<kw name="Click Element" library="SeleniumLibrary">
<arg>${ADD_TO_CART}</arg>
<doc>Click the element identified by ``locator``.</doc>
<msg timestamp="20240126 15:23:02.298" level="INFO">Clicking element 'css:.jm-btn.secondary.medium.center.full-width.jm-fw-bold.addtocartbtn'.</msg>
<status status="PASS" starttime="20240126 15:23:02.297" endtime="20240126 15:23:03.206"/>
</kw>
<kw name="Sleep" library="BuiltIn">
<arg>1s</arg>
<doc>Pauses the test executed for the given time.</doc>
<msg timestamp="20240126 15:23:04.208" level="INFO">Slept 1 second</msg>
<status status="PASS" starttime="20240126 15:23:03.206" endtime="20240126 15:23:04.208"/>
</kw>
<kw name="Click Element" library="SeleniumLibrary">
<arg>${CART_BUTTON}</arg>
<doc>Click the element identified by ``locator``.</doc>
<msg timestamp="20240126 15:23:04.209" level="INFO">Clicking element '//*[@id="btn_minicart"]'.</msg>
<status status="PASS" starttime="20240126 15:23:04.208" endtime="20240126 15:23:06.289"/>
</kw>
<kw name="Wait Until Page Contains" library="SeleniumLibrary">
<arg>Electronics Basket</arg>
<doc>Waits until ``text`` appears on the current page.</doc>
<status status="PASS" starttime="20240126 15:23:06.290" endtime="20240126 15:23:09.324"/>
</kw>
<status status="PASS" starttime="20240126 15:22:44.252" endtime="20240126 15:23:09.324"/>
</kw>
<kw name="Click Button" library="SeleniumLibrary">
<arg>${PLACE_ORDER_BUTTON}</arg>
<doc>Clicks the button identified by ``locator``.</doc>
<msg timestamp="20240126 15:23:09.325" level="INFO">Clicking button '//*[@id="login-container"]/jds-container[4]/section/div/jds-button/button'.</msg>
<status status="PASS" starttime="20240126 15:23:09.324" endtime="20240126 15:23:09.621"/>
</kw>
<kw name="Wait Until Page Contains" library="SeleniumLibrary">
<arg>Sign in to JioMart</arg>
<doc>Waits until ``text`` appears on the current page.</doc>
<status status="PASS" starttime="20240126 15:23:09.621" endtime="20240126 15:23:09.971"/>
</kw>
<kw name="Execute Javascript" library="SeleniumLibrary">
<arg>history.back()</arg>
<doc>Executes the given JavaScript code with possible arguments.</doc>
<msg timestamp="20240126 15:23:09.973" level="INFO">Executing JavaScript:
history.back()
Without any arguments.</msg>
<status status="PASS" starttime="20240126 15:23:09.971" endtime="20240126 15:23:10.161"/>
</kw>
<status status="PASS" starttime="20240126 15:22:44.252" endtime="20240126 15:23:10.161"/>
</kw>
<kw name="Wait Until Page Contains" library="SeleniumLibrary">
<arg>Electronics Basket</arg>
<doc>Waits until ``text`` appears on the current page.</doc>
<status status="PASS" starttime="20240126 15:23:10.162" endtime="20240126 15:23:11.314"/>
</kw>
<kw name="Click Button" library="SeleniumLibrary">
<arg>${REMOVE_ITEM_BUTTON}</arg>
<doc>Clicks the button identified by ``locator``.</doc>
<msg timestamp="20240126 15:23:11.316" level="INFO">Clicking button '//*[@id="itemid-598095291"]/div[3]/div/jds-button[1]/button'.</msg>
<status status="PASS" starttime="20240126 15:23:11.314" endtime="20240126 15:23:11.600"/>
</kw>
<kw name="Wait Until Page Contains" library="SeleniumLibrary">
<arg>Your Cart is Empty!</arg>
<doc>Waits until ``text`` appears on the current page.</doc>
<status status="PASS" starttime="20240126 15:23:11.600" endtime="20240126 15:23:12.294"/>
</kw>
<status status="PASS" starttime="20240126 15:22:44.252" endtime="20240126 15:23:12.294"/>
</kw>
<kw name="End Web Test" library="Common" type="TEARDOWN">
<kw name="Close Browser" library="SeleniumLibrary">
<doc>Closes the current browser.</doc>
<status status="PASS" starttime="20240126 15:23:12.296" endtime="20240126 15:23:14.773"/>
</kw>
<status status="PASS" starttime="20240126 15:23:12.295" endtime="20240126 15:23:14.773"/>
</kw>
<tag>FUNCTIONAL TEST</tag>
<status status="PASS" starttime="20240126 15:22:42.350" endtime="20240126 15:23:14.774"/>
</test>
<status status="PASS" starttime="20240126 15:21:05.145" endtime="20240126 15:23:14.777"/>
</suite>
<statistics>
<total>
<stat pass="4" fail="0" skip="0">All Tests</stat>
</total>
<tag>
<stat pass="4" fail="0" skip="0">FUNCTIONAL TEST</stat>
</tag>
<suite>
<stat pass="4" fail="0" skip="0" id="s1" name="Jio Mart Test Result">Jio Mart Test Result</stat>
</suite>
</statistics>
<errors>
</errors>
</robot>
